;  LST file generated by mikroListExporter - v.2.0 
; Date/Time: 25/12/2021 21:55:50
;----------------------------------------------

;Address Opcode 	ASM
0x0000	0x29A4      	GOTO       420
_Delay_22us:
;__Lib_Delays.c,15 :: 		void Delay_22us() {
;__Lib_Delays.c,16 :: 		Delay_us(22);
0x0003	0x3007      	MOVLW      7
0x0004	0x1283      	BCF        STATUS, 5
0x0005	0x00DD      	MOVWF      R13
L_Delay_22us1:
0x0006	0x0BDD      	DECFSZ     R13, 1
0x0007	0x2806      	GOTO       L_Delay_22us1
;__Lib_Delays.c,17 :: 		}
L_end_Delay_22us:
0x0008	0x0008      	RETURN
; end of _Delay_22us
_ADC_Read:
;__Lib_ADC_A_B.c,68 :: 		
;__Lib_ADC_A_B.c,70 :: 		
0x0009	0x30C3      	MOVLW      195
0x000A	0x1283      	BCF        STATUS, 5
0x000B	0x059F      	ANDWF      ADCON0, 1
;__Lib_ADC_A_B.c,75 :: 		
0x000C	0x092C      	COMF       _vref_mask, 0
0x000D	0x00D0      	MOVWF      R0
0x000E	0x0850      	MOVF       R0, 0
0x000F	0x059F      	ANDWF      ADCON0, 1
;__Lib_ADC_A_B.c,76 :: 		
0x0010	0x30F0      	MOVLW      240
0x0011	0x1683      	BSF        STATUS, 5
0x0012	0x049F      	IORWF      ADCON1, 1
;__Lib_ADC_A_B.c,77 :: 		
0x0013	0x1283      	BCF        STATUS, 5
0x0014	0x179F      	BSF        ADCON0, 7
;__Lib_ADC_A_B.c,78 :: 		
0x0015	0x0837      	MOVF       FARG_ADC_Read_channel, 0
0x0016	0x00D0      	MOVWF      R0
0x0017	0x0DD0      	RLF        R0, 1
0x0018	0x1050      	BCF        R0, 0
0x0019	0x0DD0      	RLF        R0, 1
0x001A	0x1050      	BCF        R0, 0
0x001B	0x0850      	MOVF       R0, 0
0x001C	0x049F      	IORWF      ADCON0, 1
;__Lib_ADC_A_B.c,81 :: 		
0x001D	0x141F      	BSF        ADCON0, 0
;__Lib_ADC_A_B.c,84 :: 		
0x001E	0x2003      	CALL       _Delay_22us
;__Lib_ADC_A_B.c,87 :: 		
0x001F	0x149F      	BSF        ADCON0, 1
;__Lib_ADC_A_B.c,90 :: 		
L_ADC_Read2:
0x0020	0x1C9F      	BTFSS      ADCON0, 1
0x0021	0x2824      	GOTO       L_ADC_Read3
;__Lib_ADC_A_B.c,91 :: 		
0x0022	0x0000      	NOP
0x0023	0x2820      	GOTO       L_ADC_Read2
L_ADC_Read3:
;__Lib_ADC_A_B.c,94 :: 		
0x0024	0x101F      	BCF        ADCON0, 0
;__Lib_ADC_A_B.c,97 :: 		
0x0025	0x081E      	MOVF       ADRESH, 0
0x0026	0x00D1      	MOVWF      R0+1
0x0027	0x01D0      	CLRF       R0
0x0028	0x1683      	BSF        STATUS, 5
0x0029	0x081E      	MOVF       ADRESL, 0
0x002A	0x04D0      	IORWF      R0, 1
0x002B	0x3000      	MOVLW      0
0x002C	0x04D1      	IORWF      R0+1, 1
;__Lib_ADC_A_B.c,98 :: 		
L_end_ADC_Read:
0x002D	0x0008      	RETURN
; end of _ADC_Read
_____DoICP:
;__Lib_System.c,6 :: 		
;__Lib_System.c,9 :: 		
0x002E	0x1283      	BCF        STATUS, 5
0x002F	0x0832      	MOVF       ___DoICPAddr+1, 0
0x0030	0x008A      	MOVWF      PCLATH
;__Lib_System.c,10 :: 		
0x0031	0x0831      	MOVF       ___DoICPAddr, 0
0x0032	0x0082      	MOVWF      PCL
;__Lib_System.c,12 :: 		
L_end_____DoICP:
0x0033	0x0008      	RETURN
; end of _____DoICP
_EEPROM_Write:
;__Lib_EEPROM.c,16 :: 		
;__Lib_EEPROM.c,20 :: 		
L_EEPROM_Write0:
0x0034	0x1683      	BSF        STATUS, 5
0x0035	0x1C9C      	BTFSS      EECON1, 1
0x0036	0x2839      	GOTO       L_EEPROM_Write1
0x0037	0x0000      	NOP
0x0038	0x2834      	GOTO       L_EEPROM_Write0
L_EEPROM_Write1:
;__Lib_EEPROM.c,21 :: 		
0x0039	0x0837      	MOVF       FARG_EEPROM_Write_Address, 0
0x003A	0x009B      	MOVWF      EEADR
;__Lib_EEPROM.c,22 :: 		
0x003B	0x0838      	MOVF       FARG_EEPROM_Write_data_, 0
0x003C	0x009A      	MOVWF      EEDATA
;__Lib_EEPROM.c,23 :: 		
0x003D	0x139C      	BCF        EECON1, 7
;__Lib_EEPROM.c,24 :: 		
0x003E	0x151C      	BSF        EECON1, 2
;__Lib_EEPROM.c,26 :: 		
0x003F	0x080B      	MOVF       INTCON, 0
0x0040	0x00D0      	MOVWF      R0
;__Lib_EEPROM.c,29 :: 		
0x0041	0x138B      	BCF        INTCON, 7
;__Lib_EEPROM.c,30 :: 		
0x0042	0x3055      	MOVLW      85
0x0043	0x009D      	MOVWF      EECON2
;__Lib_EEPROM.c,31 :: 		
0x0044	0x30AA      	MOVLW      170
0x0045	0x009D      	MOVWF      EECON2
;__Lib_EEPROM.c,32 :: 		
0x0046	0x149C      	BSF        EECON1, 1
;__Lib_EEPROM.c,36 :: 		
0x0047	0x1BD0      	BTFSC      R0, 7
0x0048	0x284B      	GOTO       L__EEPROM_Write4
0x0049	0x138B      	BCF        INTCON, 7
0x004A	0x284C      	GOTO       L__EEPROM_Write5
L__EEPROM_Write4:
0x004B	0x178B      	BSF        INTCON, 7
L__EEPROM_Write5:
;__Lib_EEPROM.c,37 :: 		
0x004C	0x111C      	BCF        EECON1, 2
;__Lib_EEPROM.c,38 :: 		
L_end_EEPROM_Write:
0x004D	0x0008      	RETURN
; end of _EEPROM_Write
_blink_rele:
;LedBlink.c,33 :: 		void blink_rele(){
;LedBlink.c,34 :: 		OUT_POWER = ON;
0x004E	0x1283      	BCF        STATUS, 5
0x004F	0x1607      	BSF        PORTC, 4
;LedBlink.c,35 :: 		Delay_ms(250);
0x0050	0x3002      	MOVLW      2
0x0051	0x00DB      	MOVWF      R11
0x0052	0x3045      	MOVLW      69
0x0053	0x00DC      	MOVWF      R12
0x0054	0x30A9      	MOVLW      169
0x0055	0x00DD      	MOVWF      R13
L_blink_rele0:
0x0056	0x0BDD      	DECFSZ     R13, 1
0x0057	0x2856      	GOTO       L_blink_rele0
0x0058	0x0BDC      	DECFSZ     R12, 1
0x0059	0x2856      	GOTO       L_blink_rele0
0x005A	0x0BDB      	DECFSZ     R11, 1
0x005B	0x2856      	GOTO       L_blink_rele0
0x005C	0x0000      	NOP
0x005D	0x0000      	NOP
;LedBlink.c,36 :: 		OUT_POWER = OFF;
0x005E	0x1207      	BCF        PORTC, 4
;LedBlink.c,37 :: 		Delay_ms(250);
0x005F	0x3002      	MOVLW      2
0x0060	0x00DB      	MOVWF      R11
0x0061	0x3045      	MOVLW      69
0x0062	0x00DC      	MOVWF      R12
0x0063	0x30A9      	MOVLW      169
0x0064	0x00DD      	MOVWF      R13
L_blink_rele1:
0x0065	0x0BDD      	DECFSZ     R13, 1
0x0066	0x2865      	GOTO       L_blink_rele1
0x0067	0x0BDC      	DECFSZ     R12, 1
0x0068	0x2865      	GOTO       L_blink_rele1
0x0069	0x0BDB      	DECFSZ     R11, 1
0x006A	0x2865      	GOTO       L_blink_rele1
0x006B	0x0000      	NOP
0x006C	0x0000      	NOP
;LedBlink.c,38 :: 		OUT_POWER = ON;
0x006D	0x1607      	BSF        PORTC, 4
;LedBlink.c,39 :: 		Delay_ms(250);
0x006E	0x3002      	MOVLW      2
0x006F	0x00DB      	MOVWF      R11
0x0070	0x3045      	MOVLW      69
0x0071	0x00DC      	MOVWF      R12
0x0072	0x30A9      	MOVLW      169
0x0073	0x00DD      	MOVWF      R13
L_blink_rele2:
0x0074	0x0BDD      	DECFSZ     R13, 1
0x0075	0x2874      	GOTO       L_blink_rele2
0x0076	0x0BDC      	DECFSZ     R12, 1
0x0077	0x2874      	GOTO       L_blink_rele2
0x0078	0x0BDB      	DECFSZ     R11, 1
0x0079	0x2874      	GOTO       L_blink_rele2
0x007A	0x0000      	NOP
0x007B	0x0000      	NOP
;LedBlink.c,40 :: 		OUT_POWER = OFF;
0x007C	0x1207      	BCF        PORTC, 4
;LedBlink.c,41 :: 		Delay_ms(250);
0x007D	0x3002      	MOVLW      2
0x007E	0x00DB      	MOVWF      R11
0x007F	0x3045      	MOVLW      69
0x0080	0x00DC      	MOVWF      R12
0x0081	0x30A9      	MOVLW      169
0x0082	0x00DD      	MOVWF      R13
L_blink_rele3:
0x0083	0x0BDD      	DECFSZ     R13, 1
0x0084	0x2883      	GOTO       L_blink_rele3
0x0085	0x0BDC      	DECFSZ     R12, 1
0x0086	0x2883      	GOTO       L_blink_rele3
0x0087	0x0BDB      	DECFSZ     R11, 1
0x0088	0x2883      	GOTO       L_blink_rele3
0x0089	0x0000      	NOP
0x008A	0x0000      	NOP
;LedBlink.c,42 :: 		}
L_end_blink_rele:
0x008B	0x0008      	RETURN
; end of _blink_rele
_EEPROM_Read:
;__Lib_EEPROM.c,4 :: 		
;__Lib_EEPROM.c,5 :: 		
0x008C	0x1283      	BCF        STATUS, 5
0x008D	0x0837      	MOVF       FARG_EEPROM_Read_Address, 0
0x008E	0x1683      	BSF        STATUS, 5
0x008F	0x009B      	MOVWF      EEADR
;__Lib_EEPROM.c,6 :: 		
0x0090	0x139C      	BCF        EECON1, 7
;__Lib_EEPROM.c,12 :: 		
0x0091	0x141C      	BSF        EECON1, 0
;__Lib_EEPROM.c,13 :: 		
0x0092	0x081A      	MOVF       EEDATA, 0
0x0093	0x00D0      	MOVWF      R0
;__Lib_EEPROM.c,14 :: 		
L_end_EEPROM_Read:
0x0094	0x0008      	RETURN
; end of _EEPROM_Read
_update_levels:
;LedBlink.c,44 :: 		void update_levels(){
;LedBlink.c,45 :: 		if (EEPROM_Read(0) != 0xFF){
0x0095	0x1283      	BCF        STATUS, 5
0x0096	0x01B7      	CLRF       FARG_EEPROM_Read_Address
0x0097	0x208C      	CALL       _EEPROM_Read
0x0098	0x0850      	MOVF       R0, 0
0x0099	0x3AFF      	XORLW      255
0x009A	0x1903      	BTFSC      STATUS, 2
0x009B	0x28D8      	GOTO       L_update_levels4
;LedBlink.c,46 :: 		MIN_REDE = EEPROM_Read(1)*4;
0x009C	0x3001      	MOVLW      1
0x009D	0x00B7      	MOVWF      FARG_EEPROM_Read_Address
0x009E	0x208C      	CALL       _EEPROM_Read
0x009F	0x0850      	MOVF       R0, 0
0x00A0	0x00A6      	MOVWF      _MIN_REDE
0x00A1	0x01A7      	CLRF       _MIN_REDE+1
0x00A2	0x0DA6      	RLF        _MIN_REDE, 1
0x00A3	0x0DA7      	RLF        _MIN_REDE+1, 1
0x00A4	0x1026      	BCF        _MIN_REDE, 0
0x00A5	0x0DA6      	RLF        _MIN_REDE, 1
0x00A6	0x0DA7      	RLF        _MIN_REDE+1, 1
0x00A7	0x1026      	BCF        _MIN_REDE, 0
;LedBlink.c,47 :: 		MID_REDE = EEPROM_Read(2)*4;
0x00A8	0x3002      	MOVLW      2
0x00A9	0x00B7      	MOVWF      FARG_EEPROM_Read_Address
0x00AA	0x208C      	CALL       _EEPROM_Read
0x00AB	0x0850      	MOVF       R0, 0
0x00AC	0x00A0      	MOVWF      _MID_REDE
0x00AD	0x01A1      	CLRF       _MID_REDE+1
0x00AE	0x0DA0      	RLF        _MID_REDE, 1
0x00AF	0x0DA1      	RLF        _MID_REDE+1, 1
0x00B0	0x1020      	BCF        _MID_REDE, 0
0x00B1	0x0DA0      	RLF        _MID_REDE, 1
0x00B2	0x0DA1      	RLF        _MID_REDE+1, 1
0x00B3	0x1020      	BCF        _MID_REDE, 0
;LedBlink.c,48 :: 		CRT_VBAT = EEPROM_Read(3)*4;
0x00B4	0x3003      	MOVLW      3
0x00B5	0x00B7      	MOVWF      FARG_EEPROM_Read_Address
0x00B6	0x208C      	CALL       _EEPROM_Read
0x00B7	0x0850      	MOVF       R0, 0
0x00B8	0x00A2      	MOVWF      _CRT_VBAT
0x00B9	0x01A3      	CLRF       _CRT_VBAT+1
0x00BA	0x0DA2      	RLF        _CRT_VBAT, 1
0x00BB	0x0DA3      	RLF        _CRT_VBAT+1, 1
0x00BC	0x1022      	BCF        _CRT_VBAT, 0
0x00BD	0x0DA2      	RLF        _CRT_VBAT, 1
0x00BE	0x0DA3      	RLF        _CRT_VBAT+1, 1
0x00BF	0x1022      	BCF        _CRT_VBAT, 0
;LedBlink.c,49 :: 		MIN_VBAT = EEPROM_Read(4)*4;
0x00C0	0x3004      	MOVLW      4
0x00C1	0x00B7      	MOVWF      FARG_EEPROM_Read_Address
0x00C2	0x208C      	CALL       _EEPROM_Read
0x00C3	0x0850      	MOVF       R0, 0
0x00C4	0x00A4      	MOVWF      _MIN_VBAT
0x00C5	0x01A5      	CLRF       _MIN_VBAT+1
0x00C6	0x0DA4      	RLF        _MIN_VBAT, 1
0x00C7	0x0DA5      	RLF        _MIN_VBAT+1, 1
0x00C8	0x1024      	BCF        _MIN_VBAT, 0
0x00C9	0x0DA4      	RLF        _MIN_VBAT, 1
0x00CA	0x0DA5      	RLF        _MIN_VBAT+1, 1
0x00CB	0x1024      	BCF        _MIN_VBAT, 0
;LedBlink.c,50 :: 		MAX_VBAT = EEPROM_Read(5)*4;
0x00CC	0x3005      	MOVLW      5
0x00CD	0x00B7      	MOVWF      FARG_EEPROM_Read_Address
0x00CE	0x208C      	CALL       _EEPROM_Read
0x00CF	0x0850      	MOVF       R0, 0
0x00D0	0x00AA      	MOVWF      _MAX_VBAT
0x00D1	0x01AB      	CLRF       _MAX_VBAT+1
0x00D2	0x0DAA      	RLF        _MAX_VBAT, 1
0x00D3	0x0DAB      	RLF        _MAX_VBAT+1, 1
0x00D4	0x102A      	BCF        _MAX_VBAT, 0
0x00D5	0x0DAA      	RLF        _MAX_VBAT, 1
0x00D6	0x0DAB      	RLF        _MAX_VBAT+1, 1
0x00D7	0x102A      	BCF        _MAX_VBAT, 0
;LedBlink.c,51 :: 		}
L_update_levels4:
;LedBlink.c,52 :: 		}
L_end_update_levels:
0x00D8	0x0008      	RETURN
; end of _update_levels
_setup_prog:
;LedBlink.c,54 :: 		void setup_prog(){
;LedBlink.c,56 :: 		blink_rele();
0x00D9	0x204E      	CALL       _blink_rele
;LedBlink.c,57 :: 		FONTE_OUT = OFF;
0x00DA	0x1205      	BCF        PORTA, 4
;LedBlink.c,58 :: 		CARGA_BAT = OFF;
0x00DB	0x1187      	BCF        PORTC, 3
;LedBlink.c,59 :: 		OUT_POWER = OFF;
0x00DC	0x1207      	BCF        PORTC, 4
;LedBlink.c,60 :: 		RECARGA = ON;  //invertido
0x00DD	0x1687      	BSF        PORTC, 5
;LedBlink.c,61 :: 		while(PG_BT == ON){            //Aguardar contato 2 no BT
L_setup_prog5:
0x00DE	0x1E85      	BTFSS      PORTA, 5
0x00DF	0x28EB      	GOTO       L_setup_prog6
;LedBlink.c,62 :: 		Delay_ms(70);
0x00E0	0x305B      	MOVLW      91
0x00E1	0x00DC      	MOVWF      R12
0x00E2	0x30E7      	MOVLW      231
0x00E3	0x00DD      	MOVWF      R13
L_setup_prog7:
0x00E4	0x0BDD      	DECFSZ     R13, 1
0x00E5	0x28E4      	GOTO       L_setup_prog7
0x00E6	0x0BDC      	DECFSZ     R12, 1
0x00E7	0x28E4      	GOTO       L_setup_prog7
0x00E8	0x0000      	NOP
0x00E9	0x0000      	NOP
;LedBlink.c,63 :: 		}
0x00EA	0x28DE      	GOTO       L_setup_prog5
L_setup_prog6:
;LedBlink.c,64 :: 		REDE = ADC_Read(ADC_REDE);
0x00EB	0x3006      	MOVLW      6
0x00EC	0x00B7      	MOVWF      FARG_ADC_Read_channel
0x00ED	0x2009      	CALL       _ADC_Read
0x00EE	0x0850      	MOVF       R0, 0
0x00EF	0x00B3      	MOVWF      _REDE
0x00F0	0x0851      	MOVF       R0+1, 0
0x00F1	0x00B4      	MOVWF      _REDE+1
;LedBlink.c,65 :: 		EEPROM_Write(1, REDE/4);
0x00F2	0x3001      	MOVLW      1
0x00F3	0x00B7      	MOVWF      FARG_EEPROM_Write_Address
0x00F4	0x0850      	MOVF       R0, 0
0x00F5	0x00D2      	MOVWF      R2
0x00F6	0x0851      	MOVF       R0+1, 0
0x00F7	0x00D3      	MOVWF      R2+1
0x00F8	0x0CD3      	RRF        R2+1, 1
0x00F9	0x0CD2      	RRF        R2, 1
0x00FA	0x13D3      	BCF        R2+1, 7
0x00FB	0x0CD3      	RRF        R2+1, 1
0x00FC	0x0CD2      	RRF        R2, 1
0x00FD	0x13D3      	BCF        R2+1, 7
0x00FE	0x0852      	MOVF       R2, 0
0x00FF	0x00B8      	MOVWF      FARG_EEPROM_Write_data_
0x0100	0x2034      	CALL       _EEPROM_Write
;LedBlink.c,68 :: 		blink_rele();
0x0101	0x204E      	CALL       _blink_rele
;LedBlink.c,69 :: 		while(PG_BT == ON){            //Aguardar contato 3 no BT
L_setup_prog8:
0x0102	0x1E85      	BTFSS      PORTA, 5
0x0103	0x290F      	GOTO       L_setup_prog9
;LedBlink.c,70 :: 		Delay_ms(70);
0x0104	0x305B      	MOVLW      91
0x0105	0x00DC      	MOVWF      R12
0x0106	0x30E7      	MOVLW      231
0x0107	0x00DD      	MOVWF      R13
L_setup_prog10:
0x0108	0x0BDD      	DECFSZ     R13, 1
0x0109	0x2908      	GOTO       L_setup_prog10
0x010A	0x0BDC      	DECFSZ     R12, 1
0x010B	0x2908      	GOTO       L_setup_prog10
0x010C	0x0000      	NOP
0x010D	0x0000      	NOP
;LedBlink.c,71 :: 		}
0x010E	0x2902      	GOTO       L_setup_prog8
L_setup_prog9:
;LedBlink.c,72 :: 		REDE = ADC_Read(ADC_REDE);
0x010F	0x3006      	MOVLW      6
0x0110	0x00B7      	MOVWF      FARG_ADC_Read_channel
0x0111	0x2009      	CALL       _ADC_Read
0x0112	0x0850      	MOVF       R0, 0
0x0113	0x00B3      	MOVWF      _REDE
0x0114	0x0851      	MOVF       R0+1, 0
0x0115	0x00B4      	MOVWF      _REDE+1
;LedBlink.c,73 :: 		EEPROM_Write(2, REDE/4);
0x0116	0x3002      	MOVLW      2
0x0117	0x00B7      	MOVWF      FARG_EEPROM_Write_Address
0x0118	0x0850      	MOVF       R0, 0
0x0119	0x00D2      	MOVWF      R2
0x011A	0x0851      	MOVF       R0+1, 0
0x011B	0x00D3      	MOVWF      R2+1
0x011C	0x0CD3      	RRF        R2+1, 1
0x011D	0x0CD2      	RRF        R2, 1
0x011E	0x13D3      	BCF        R2+1, 7
0x011F	0x0CD3      	RRF        R2+1, 1
0x0120	0x0CD2      	RRF        R2, 1
0x0121	0x13D3      	BCF        R2+1, 7
0x0122	0x0852      	MOVF       R2, 0
0x0123	0x00B8      	MOVWF      FARG_EEPROM_Write_data_
0x0124	0x2034      	CALL       _EEPROM_Write
;LedBlink.c,76 :: 		blink_rele();
0x0125	0x204E      	CALL       _blink_rele
;LedBlink.c,77 :: 		while(PG_BT == ON){            //Aguardar contato 4 no BT
L_setup_prog11:
0x0126	0x1E85      	BTFSS      PORTA, 5
0x0127	0x2933      	GOTO       L_setup_prog12
;LedBlink.c,78 :: 		Delay_ms(70);
0x0128	0x305B      	MOVLW      91
0x0129	0x00DC      	MOVWF      R12
0x012A	0x30E7      	MOVLW      231
0x012B	0x00DD      	MOVWF      R13
L_setup_prog13:
0x012C	0x0BDD      	DECFSZ     R13, 1
0x012D	0x292C      	GOTO       L_setup_prog13
0x012E	0x0BDC      	DECFSZ     R12, 1
0x012F	0x292C      	GOTO       L_setup_prog13
0x0130	0x0000      	NOP
0x0131	0x0000      	NOP
;LedBlink.c,79 :: 		}
0x0132	0x2926      	GOTO       L_setup_prog11
L_setup_prog12:
;LedBlink.c,80 :: 		VBAT = ADC_Read(ADC_BAT);
0x0133	0x3005      	MOVLW      5
0x0134	0x00B7      	MOVWF      FARG_ADC_Read_channel
0x0135	0x2009      	CALL       _ADC_Read
0x0136	0x0850      	MOVF       R0, 0
0x0137	0x00B5      	MOVWF      _VBAT
0x0138	0x0851      	MOVF       R0+1, 0
0x0139	0x00B6      	MOVWF      _VBAT+1
;LedBlink.c,81 :: 		EEPROM_Write(3, VBAT/4);
0x013A	0x3003      	MOVLW      3
0x013B	0x00B7      	MOVWF      FARG_EEPROM_Write_Address
0x013C	0x0850      	MOVF       R0, 0
0x013D	0x00D2      	MOVWF      R2
0x013E	0x0851      	MOVF       R0+1, 0
0x013F	0x00D3      	MOVWF      R2+1
0x0140	0x0CD3      	RRF        R2+1, 1
0x0141	0x0CD2      	RRF        R2, 1
0x0142	0x13D3      	BCF        R2+1, 7
0x0143	0x0CD3      	RRF        R2+1, 1
0x0144	0x0CD2      	RRF        R2, 1
0x0145	0x13D3      	BCF        R2+1, 7
0x0146	0x0852      	MOVF       R2, 0
0x0147	0x00B8      	MOVWF      FARG_EEPROM_Write_data_
0x0148	0x2034      	CALL       _EEPROM_Write
;LedBlink.c,84 :: 		blink_rele();
0x0149	0x204E      	CALL       _blink_rele
;LedBlink.c,85 :: 		while(PG_BT == ON){            //Aguardar contato 5 no BT
L_setup_prog14:
0x014A	0x1E85      	BTFSS      PORTA, 5
0x014B	0x2957      	GOTO       L_setup_prog15
;LedBlink.c,86 :: 		Delay_ms(70);
0x014C	0x305B      	MOVLW      91
0x014D	0x00DC      	MOVWF      R12
0x014E	0x30E7      	MOVLW      231
0x014F	0x00DD      	MOVWF      R13
L_setup_prog16:
0x0150	0x0BDD      	DECFSZ     R13, 1
0x0151	0x2950      	GOTO       L_setup_prog16
0x0152	0x0BDC      	DECFSZ     R12, 1
0x0153	0x2950      	GOTO       L_setup_prog16
0x0154	0x0000      	NOP
0x0155	0x0000      	NOP
;LedBlink.c,87 :: 		}
0x0156	0x294A      	GOTO       L_setup_prog14
L_setup_prog15:
;LedBlink.c,88 :: 		VBAT = ADC_Read(ADC_BAT);
0x0157	0x3005      	MOVLW      5
0x0158	0x00B7      	MOVWF      FARG_ADC_Read_channel
0x0159	0x2009      	CALL       _ADC_Read
0x015A	0x0850      	MOVF       R0, 0
0x015B	0x00B5      	MOVWF      _VBAT
0x015C	0x0851      	MOVF       R0+1, 0
0x015D	0x00B6      	MOVWF      _VBAT+1
;LedBlink.c,89 :: 		EEPROM_Write(4, VBAT/4);
0x015E	0x3004      	MOVLW      4
0x015F	0x00B7      	MOVWF      FARG_EEPROM_Write_Address
0x0160	0x0850      	MOVF       R0, 0
0x0161	0x00D2      	MOVWF      R2
0x0162	0x0851      	MOVF       R0+1, 0
0x0163	0x00D3      	MOVWF      R2+1
0x0164	0x0CD3      	RRF        R2+1, 1
0x0165	0x0CD2      	RRF        R2, 1
0x0166	0x13D3      	BCF        R2+1, 7
0x0167	0x0CD3      	RRF        R2+1, 1
0x0168	0x0CD2      	RRF        R2, 1
0x0169	0x13D3      	BCF        R2+1, 7
0x016A	0x0852      	MOVF       R2, 0
0x016B	0x00B8      	MOVWF      FARG_EEPROM_Write_data_
0x016C	0x2034      	CALL       _EEPROM_Write
;LedBlink.c,92 :: 		blink_rele();
0x016D	0x204E      	CALL       _blink_rele
;LedBlink.c,93 :: 		while(PG_BT == ON){            //Aguardar contato 6 no BT
L_setup_prog17:
0x016E	0x1E85      	BTFSS      PORTA, 5
0x016F	0x297B      	GOTO       L_setup_prog18
;LedBlink.c,94 :: 		Delay_ms(70);
0x0170	0x305B      	MOVLW      91
0x0171	0x00DC      	MOVWF      R12
0x0172	0x30E7      	MOVLW      231
0x0173	0x00DD      	MOVWF      R13
L_setup_prog19:
0x0174	0x0BDD      	DECFSZ     R13, 1
0x0175	0x2974      	GOTO       L_setup_prog19
0x0176	0x0BDC      	DECFSZ     R12, 1
0x0177	0x2974      	GOTO       L_setup_prog19
0x0178	0x0000      	NOP
0x0179	0x0000      	NOP
;LedBlink.c,95 :: 		}
0x017A	0x296E      	GOTO       L_setup_prog17
L_setup_prog18:
;LedBlink.c,96 :: 		VBAT = ADC_Read(ADC_BAT);
0x017B	0x3005      	MOVLW      5
0x017C	0x00B7      	MOVWF      FARG_ADC_Read_channel
0x017D	0x2009      	CALL       _ADC_Read
0x017E	0x0850      	MOVF       R0, 0
0x017F	0x00B5      	MOVWF      _VBAT
0x0180	0x0851      	MOVF       R0+1, 0
0x0181	0x00B6      	MOVWF      _VBAT+1
;LedBlink.c,97 :: 		EEPROM_Write(5, VBAT/4);
0x0182	0x3005      	MOVLW      5
0x0183	0x00B7      	MOVWF      FARG_EEPROM_Write_Address
0x0184	0x0850      	MOVF       R0, 0
0x0185	0x00D2      	MOVWF      R2
0x0186	0x0851      	MOVF       R0+1, 0
0x0187	0x00D3      	MOVWF      R2+1
0x0188	0x0CD3      	RRF        R2+1, 1
0x0189	0x0CD2      	RRF        R2, 1
0x018A	0x13D3      	BCF        R2+1, 7
0x018B	0x0CD3      	RRF        R2+1, 1
0x018C	0x0CD2      	RRF        R2, 1
0x018D	0x13D3      	BCF        R2+1, 7
0x018E	0x0852      	MOVF       R2, 0
0x018F	0x00B8      	MOVWF      FARG_EEPROM_Write_data_
0x0190	0x2034      	CALL       _EEPROM_Write
;LedBlink.c,100 :: 		EEPROM_Write(0, 1);
0x0191	0x01B7      	CLRF       FARG_EEPROM_Write_Address
0x0192	0x3001      	MOVLW      1
0x0193	0x00B8      	MOVWF      FARG_EEPROM_Write_data_
0x0194	0x2034      	CALL       _EEPROM_Write
;LedBlink.c,101 :: 		blink_rele();
0x0195	0x204E      	CALL       _blink_rele
;LedBlink.c,102 :: 		blink_rele();
0x0196	0x204E      	CALL       _blink_rele
;LedBlink.c,103 :: 		}
L_end_setup_prog:
0x0197	0x0008      	RETURN
; end of _setup_prog
___CC2DW:
;__Lib_System.c,134 :: 		
;__Lib_System.c,137 :: 		
_CC2D_Loop1:
;__Lib_System.c,139 :: 		
0x0198	0x202E      	CALL       _____DoICP
0x0199	0x118A      	BCF        PCLATH, 3
0x019A	0x120A      	BCF        PCLATH, 4
;__Lib_System.c,141 :: 		
0x019B	0x0080      	MOVWF      INDF
;__Lib_System.c,142 :: 		
0x019C	0x0A84      	INCF       FSR, 1
;__Lib_System.c,143 :: 		
0x019D	0x0AB1      	INCF       ___DoICPAddr, 1
;__Lib_System.c,145 :: 		
0x019E	0x1903      	BTFSC      STATUS, 2
;__Lib_System.c,146 :: 		
0x019F	0x0AB2      	INCF       ___DoICPAddr+1, 1
;__Lib_System.c,147 :: 		
0x01A0	0x03D0      	DECF       R0, 1
;__Lib_System.c,149 :: 		
0x01A1	0x1D03      	BTFSS      STATUS, 2
;__Lib_System.c,150 :: 		
0x01A2	0x2998      	GOTO       _CC2D_Loop1
;__Lib_System.c,152 :: 		
L_end___CC2DW:
0x01A3	0x0008      	RETURN
; end of ___CC2DW
_main:
0x01A4	0x22AA      	CALL       682
;LedBlink.c,105 :: 		void main(){
;LedBlink.c,106 :: 		TRISA.RA4 = 0;
0x01A5	0x1683      	BSF        STATUS, 5
0x01A6	0x1205      	BCF        TRISA, 4
;LedBlink.c,107 :: 		TRISA.RA5 = 1;
0x01A7	0x1685      	BSF        TRISA, 5
;LedBlink.c,108 :: 		TRISC.RC5 = 0;
0x01A8	0x1287      	BCF        TRISC, 5
;LedBlink.c,109 :: 		TRISC.RC4 = 0;
0x01A9	0x1207      	BCF        TRISC, 4
;LedBlink.c,110 :: 		TRISC.RC3 = 0;
0x01AA	0x1187      	BCF        TRISC, 3
;LedBlink.c,111 :: 		TRISC.RC2 = 1;
0x01AB	0x1507      	BSF        TRISC, 2
;LedBlink.c,112 :: 		TRISC.RC1 = 1;
0x01AC	0x1487      	BSF        TRISC, 1
;LedBlink.c,113 :: 		OPTION_REG = 0x7F;
0x01AD	0x307F      	MOVLW      127
0x01AE	0x0081      	MOVWF      OPTION_REG
;LedBlink.c,114 :: 		ANSEL = 1;
0x01AF	0x3001      	MOVLW      1
0x01B0	0x0091      	MOVWF      ANSEL
;LedBlink.c,115 :: 		ADCON0 = 1;
0x01B1	0x3001      	MOVLW      1
0x01B2	0x1283      	BCF        STATUS, 5
0x01B3	0x009F      	MOVWF      ADCON0
;LedBlink.c,116 :: 		CMCON = 7;
0x01B4	0x3007      	MOVLW      7
0x01B5	0x0099      	MOVWF      CMCON
;LedBlink.c,117 :: 		CONT = 0;
0x01B6	0x01AD      	CLRF       _CONT
0x01B7	0x01AE      	CLRF       _CONT+1
;LedBlink.c,119 :: 		FONTE_OUT = OFF;
0x01B8	0x1205      	BCF        PORTA, 4
;LedBlink.c,120 :: 		CARGA_BAT = OFF;
0x01B9	0x1187      	BCF        PORTC, 3
;LedBlink.c,121 :: 		RECARGA = ON; //invertido
0x01BA	0x1687      	BSF        PORTC, 5
;LedBlink.c,122 :: 		Delay_ms(2000);
0x01BB	0x300B      	MOVLW      11
0x01BC	0x00DB      	MOVWF      R11
0x01BD	0x3026      	MOVLW      38
0x01BE	0x00DC      	MOVWF      R12
0x01BF	0x305D      	MOVLW      93
0x01C0	0x00DD      	MOVWF      R13
L_main20:
0x01C1	0x0BDD      	DECFSZ     R13, 1
0x01C2	0x29C1      	GOTO       L_main20
0x01C3	0x0BDC      	DECFSZ     R12, 1
0x01C4	0x29C1      	GOTO       L_main20
0x01C5	0x0BDB      	DECFSZ     R11, 1
0x01C6	0x29C1      	GOTO       L_main20
0x01C7	0x0000      	NOP
0x01C8	0x0000      	NOP
;LedBlink.c,123 :: 		update_levels();
0x01C9	0x2095      	CALL       _update_levels
;LedBlink.c,125 :: 		while(1){
L_main21:
;LedBlink.c,126 :: 		if (PG_BT == OFF){                  //Modo setup_prog (contato 1)
0x01CA	0x1283      	BCF        STATUS, 5
0x01CB	0x1A85      	BTFSC      PORTA, 5
0x01CC	0x29D9      	GOTO       L_main23
;LedBlink.c,127 :: 		Delay_ms(70);
0x01CD	0x305B      	MOVLW      91
0x01CE	0x00DC      	MOVWF      R12
0x01CF	0x30E7      	MOVLW      231
0x01D0	0x00DD      	MOVWF      R13
L_main24:
0x01D1	0x0BDD      	DECFSZ     R13, 1
0x01D2	0x29D1      	GOTO       L_main24
0x01D3	0x0BDC      	DECFSZ     R12, 1
0x01D4	0x29D1      	GOTO       L_main24
0x01D5	0x0000      	NOP
0x01D6	0x0000      	NOP
;LedBlink.c,128 :: 		setup_prog();
0x01D7	0x20D9      	CALL       _setup_prog
;LedBlink.c,129 :: 		update_levels();
0x01D8	0x2095      	CALL       _update_levels
;LedBlink.c,130 :: 		}
L_main23:
;LedBlink.c,131 :: 		REDE = ADC_Read(ADC_REDE);
0x01D9	0x3006      	MOVLW      6
0x01DA	0x00B7      	MOVWF      FARG_ADC_Read_channel
0x01DB	0x2009      	CALL       _ADC_Read
0x01DC	0x0850      	MOVF       R0, 0
0x01DD	0x00B3      	MOVWF      _REDE
0x01DE	0x0851      	MOVF       R0+1, 0
0x01DF	0x00B4      	MOVWF      _REDE+1
;LedBlink.c,132 :: 		if (REDE < MIN_REDE){
0x01E0	0x0827      	MOVF       _MIN_REDE+1, 0
0x01E1	0x0251      	SUBWF      R0+1, 0
0x01E2	0x1D03      	BTFSS      STATUS, 2
0x01E3	0x29E6      	GOTO       L__main47
0x01E4	0x0826      	MOVF       _MIN_REDE, 0
0x01E5	0x0250      	SUBWF      R0, 0
L__main47:
0x01E6	0x1803      	BTFSC      STATUS, 0
0x01E7	0x2A0B      	GOTO       L_main25
;LedBlink.c,133 :: 		if (ACTIVE == OFF){
0x01E8	0x3000      	MOVLW      0
0x01E9	0x0630      	XORWF      _ACTIVE+1, 0
0x01EA	0x1D03      	BTFSS      STATUS, 2
0x01EB	0x29EE      	GOTO       L__main48
0x01EC	0x3000      	MOVLW      0
0x01ED	0x062F      	XORWF      _ACTIVE, 0
L__main48:
0x01EE	0x1D03      	BTFSS      STATUS, 2
0x01EF	0x2A0A      	GOTO       L_main26
;LedBlink.c,134 :: 		ACTIVE = ON;
0x01F0	0x3001      	MOVLW      1
0x01F1	0x00AF      	MOVWF      _ACTIVE
0x01F2	0x3000      	MOVLW      0
0x01F3	0x00B0      	MOVWF      _ACTIVE+1
;LedBlink.c,135 :: 		RECHARG = OFF;
0x01F4	0x01A8      	CLRF       _RECHARG
0x01F5	0x01A9      	CLRF       _RECHARG+1
;LedBlink.c,136 :: 		RECARGA = ON; //invertido
0x01F6	0x1283      	BCF        STATUS, 5
0x01F7	0x1687      	BSF        PORTC, 5
;LedBlink.c,137 :: 		CONT = 0;
0x01F8	0x01AD      	CLRF       _CONT
0x01F9	0x01AE      	CLRF       _CONT+1
;LedBlink.c,138 :: 		CARGA_BAT = ON;
0x01FA	0x1587      	BSF        PORTC, 3
;LedBlink.c,139 :: 		Delay_ms(1500);
0x01FB	0x3008      	MOVLW      8
0x01FC	0x00DB      	MOVWF      R11
0x01FD	0x309D      	MOVLW      157
0x01FE	0x00DC      	MOVWF      R12
0x01FF	0x3005      	MOVLW      5
0x0200	0x00DD      	MOVWF      R13
L_main27:
0x0201	0x0BDD      	DECFSZ     R13, 1
0x0202	0x2A01      	GOTO       L_main27
0x0203	0x0BDC      	DECFSZ     R12, 1
0x0204	0x2A01      	GOTO       L_main27
0x0205	0x0BDB      	DECFSZ     R11, 1
0x0206	0x2A01      	GOTO       L_main27
0x0207	0x0000      	NOP
0x0208	0x0000      	NOP
;LedBlink.c,140 :: 		FONTE_OUT = ON;
0x0209	0x1605      	BSF        PORTA, 4
;LedBlink.c,142 :: 		}
L_main26:
;LedBlink.c,143 :: 		}else if (REDE > MID_REDE){
0x020A	0x2A2E      	GOTO       L_main28
L_main25:
0x020B	0x0834      	MOVF       _REDE+1, 0
0x020C	0x0221      	SUBWF      _MID_REDE+1, 0
0x020D	0x1D03      	BTFSS      STATUS, 2
0x020E	0x2A11      	GOTO       L__main49
0x020F	0x0833      	MOVF       _REDE, 0
0x0210	0x0220      	SUBWF      _MID_REDE, 0
L__main49:
0x0211	0x1803      	BTFSC      STATUS, 0
0x0212	0x2A2E      	GOTO       L_main29
;LedBlink.c,144 :: 		if (ACTIVE == ON){
0x0213	0x3000      	MOVLW      0
0x0214	0x0630      	XORWF      _ACTIVE+1, 0
0x0215	0x1D03      	BTFSS      STATUS, 2
0x0216	0x2A19      	GOTO       L__main50
0x0217	0x3001      	MOVLW      1
0x0218	0x062F      	XORWF      _ACTIVE, 0
L__main50:
0x0219	0x1D03      	BTFSS      STATUS, 2
0x021A	0x2A2E      	GOTO       L_main30
;LedBlink.c,145 :: 		ACTIVE = OFF;
0x021B	0x1283      	BCF        STATUS, 5
0x021C	0x01AF      	CLRF       _ACTIVE
0x021D	0x01B0      	CLRF       _ACTIVE+1
;LedBlink.c,146 :: 		FONTE_OUT = OFF;
0x021E	0x1205      	BCF        PORTA, 4
;LedBlink.c,147 :: 		Delay_ms(1500);
0x021F	0x3008      	MOVLW      8
0x0220	0x00DB      	MOVWF      R11
0x0221	0x309D      	MOVLW      157
0x0222	0x00DC      	MOVWF      R12
0x0223	0x3005      	MOVLW      5
0x0224	0x00DD      	MOVWF      R13
L_main31:
0x0225	0x0BDD      	DECFSZ     R13, 1
0x0226	0x2A25      	GOTO       L_main31
0x0227	0x0BDC      	DECFSZ     R12, 1
0x0228	0x2A25      	GOTO       L_main31
0x0229	0x0BDB      	DECFSZ     R11, 1
0x022A	0x2A25      	GOTO       L_main31
0x022B	0x0000      	NOP
0x022C	0x0000      	NOP
;LedBlink.c,148 :: 		CARGA_BAT = OFF;
0x022D	0x1187      	BCF        PORTC, 3
;LedBlink.c,149 :: 		}
L_main30:
;LedBlink.c,150 :: 		}
L_main29:
L_main28:
;LedBlink.c,151 :: 		if (ACTIVE == ON){
0x022E	0x3000      	MOVLW      0
0x022F	0x0630      	XORWF      _ACTIVE+1, 0
0x0230	0x1D03      	BTFSS      STATUS, 2
0x0231	0x2A34      	GOTO       L__main51
0x0232	0x3001      	MOVLW      1
0x0233	0x062F      	XORWF      _ACTIVE, 0
L__main51:
0x0234	0x1D03      	BTFSS      STATUS, 2
0x0235	0x2A4B      	GOTO       L_main32
;LedBlink.c,152 :: 		VBAT = ADC_Read(ADC_BAT);
0x0236	0x3005      	MOVLW      5
0x0237	0x00B7      	MOVWF      FARG_ADC_Read_channel
0x0238	0x2009      	CALL       _ADC_Read
0x0239	0x0850      	MOVF       R0, 0
0x023A	0x00B5      	MOVWF      _VBAT
0x023B	0x0851      	MOVF       R0+1, 0
0x023C	0x00B6      	MOVWF      _VBAT+1
;LedBlink.c,153 :: 		if (VBAT < CRT_VBAT){
0x023D	0x0823      	MOVF       _CRT_VBAT+1, 0
0x023E	0x0251      	SUBWF      R0+1, 0
0x023F	0x1D03      	BTFSS      STATUS, 2
0x0240	0x2A43      	GOTO       L__main52
0x0241	0x0822      	MOVF       _CRT_VBAT, 0
0x0242	0x0250      	SUBWF      R0, 0
L__main52:
0x0243	0x1803      	BTFSC      STATUS, 0
0x0244	0x2A48      	GOTO       L_main33
;LedBlink.c,154 :: 		OUT_POWER = OFF;
0x0245	0x1283      	BCF        STATUS, 5
0x0246	0x1207      	BCF        PORTC, 4
;LedBlink.c,155 :: 		}else{
0x0247	0x2A4A      	GOTO       L_main34
L_main33:
0x0248	0x1283      	BCF        STATUS, 5
;LedBlink.c,156 :: 		OUT_POWER = ON;
0x0249	0x1607      	BSF        PORTC, 4
;LedBlink.c,157 :: 		}
L_main34:
;LedBlink.c,158 :: 		}else{
0x024A	0x2A92      	GOTO       L_main35
L_main32:
0x024B	0x1283      	BCF        STATUS, 5
;LedBlink.c,159 :: 		OUT_POWER = ON;
0x024C	0x1607      	BSF        PORTC, 4
;LedBlink.c,160 :: 		if (RECHARG == ON){
0x024D	0x3000      	MOVLW      0
0x024E	0x0629      	XORWF      _RECHARG+1, 0
0x024F	0x1D03      	BTFSS      STATUS, 2
0x0250	0x2A53      	GOTO       L__main53
0x0251	0x3001      	MOVLW      1
0x0252	0x0628      	XORWF      _RECHARG, 0
L__main53:
0x0253	0x1D03      	BTFSS      STATUS, 2
0x0254	0x2A7F      	GOTO       L_main36
;LedBlink.c,161 :: 		CONT ++;
0x0255	0x0AAD      	INCF       _CONT, 1
0x0256	0x1903      	BTFSC      STATUS, 2
0x0257	0x0AAE      	INCF       _CONT+1, 1
;LedBlink.c,162 :: 		if(CONT < T_CARGA_OFF){
0x0258	0x3027      	MOVLW      39
0x0259	0x022E      	SUBWF      _CONT+1, 0
0x025A	0x1D03      	BTFSS      STATUS, 2
0x025B	0x2A5E      	GOTO       L__main54
0x025C	0x3010      	MOVLW      16
0x025D	0x022D      	SUBWF      _CONT, 0
L__main54:
0x025E	0x1803      	BTFSC      STATUS, 0
0x025F	0x2A62      	GOTO       L_main37
;LedBlink.c,163 :: 		RECARGA = ON; //invertido
0x0260	0x1687      	BSF        PORTC, 5
;LedBlink.c,164 :: 		}else{
0x0261	0x2A63      	GOTO       L_main38
L_main37:
;LedBlink.c,165 :: 		RECARGA = OFF;  //invertido
0x0262	0x1287      	BCF        PORTC, 5
;LedBlink.c,166 :: 		}
L_main38:
;LedBlink.c,167 :: 		if (CONT > T_CARGA_OFF + T_CARGA_ON){
0x0263	0x082E      	MOVF       _CONT+1, 0
0x0264	0x3CAF      	SUBLW      175
0x0265	0x1D03      	BTFSS      STATUS, 2
0x0266	0x2A69      	GOTO       L__main55
0x0267	0x082D      	MOVF       _CONT, 0
0x0268	0x3CC8      	SUBLW      200
L__main55:
0x0269	0x1803      	BTFSC      STATUS, 0
0x026A	0x2A7E      	GOTO       L_main39
;LedBlink.c,168 :: 		CONT = 0;
0x026B	0x01AD      	CLRF       _CONT
0x026C	0x01AE      	CLRF       _CONT+1
;LedBlink.c,169 :: 		VBAT = ADC_Read(ADC_BAT);
0x026D	0x3005      	MOVLW      5
0x026E	0x00B7      	MOVWF      FARG_ADC_Read_channel
0x026F	0x2009      	CALL       _ADC_Read
0x0270	0x0850      	MOVF       R0, 0
0x0271	0x00B5      	MOVWF      _VBAT
0x0272	0x0851      	MOVF       R0+1, 0
0x0273	0x00B6      	MOVWF      _VBAT+1
;LedBlink.c,170 :: 		if (VBAT > MAX_VBAT){
0x0274	0x0851      	MOVF       R0+1, 0
0x0275	0x022B      	SUBWF      _MAX_VBAT+1, 0
0x0276	0x1D03      	BTFSS      STATUS, 2
0x0277	0x2A7A      	GOTO       L__main56
0x0278	0x0850      	MOVF       R0, 0
0x0279	0x022A      	SUBWF      _MAX_VBAT, 0
L__main56:
0x027A	0x1803      	BTFSC      STATUS, 0
0x027B	0x2A7E      	GOTO       L_main40
;LedBlink.c,171 :: 		RECHARG = OFF;
0x027C	0x01A8      	CLRF       _RECHARG
0x027D	0x01A9      	CLRF       _RECHARG+1
;LedBlink.c,172 :: 		}
L_main40:
;LedBlink.c,173 :: 		}
L_main39:
;LedBlink.c,174 :: 		}else{
0x027E	0x2A92      	GOTO       L_main41
L_main36:
;LedBlink.c,175 :: 		VBAT = ADC_Read(ADC_BAT);
0x027F	0x3005      	MOVLW      5
0x0280	0x00B7      	MOVWF      FARG_ADC_Read_channel
0x0281	0x2009      	CALL       _ADC_Read
0x0282	0x0850      	MOVF       R0, 0
0x0283	0x00B5      	MOVWF      _VBAT
0x0284	0x0851      	MOVF       R0+1, 0
0x0285	0x00B6      	MOVWF      _VBAT+1
;LedBlink.c,176 :: 		if (VBAT < MIN_VBAT){
0x0286	0x0825      	MOVF       _MIN_VBAT+1, 0
0x0287	0x0251      	SUBWF      R0+1, 0
0x0288	0x1D03      	BTFSS      STATUS, 2
0x0289	0x2A8C      	GOTO       L__main57
0x028A	0x0824      	MOVF       _MIN_VBAT, 0
0x028B	0x0250      	SUBWF      R0, 0
L__main57:
0x028C	0x1803      	BTFSC      STATUS, 0
0x028D	0x2A92      	GOTO       L_main42
;LedBlink.c,177 :: 		RECHARG = ON;
0x028E	0x3001      	MOVLW      1
0x028F	0x00A8      	MOVWF      _RECHARG
0x0290	0x3000      	MOVLW      0
0x0291	0x00A9      	MOVWF      _RECHARG+1
;LedBlink.c,178 :: 		}
L_main42:
;LedBlink.c,179 :: 		}
L_main41:
;LedBlink.c,180 :: 		}
L_main35:
;LedBlink.c,182 :: 		}
0x0292	0x29CA      	GOTO       L_main21
;LedBlink.c,183 :: 		}
L_end_main:
0x0293	0x2A93      	GOTO       $+0
; end of _main
0x02AA	0x3020      	MOVLW      32
0x02AB	0x0084      	MOVWF      FSR
0x02AC	0x3011      	MOVLW      17
0x02AD	0x1283      	BCF        STATUS, 5
0x02AE	0x00D0      	MOVWF      R0
0x02AF	0x3099      	MOVLW      153
0x02B0	0x00B1      	MOVWF      ___DoICPAddr
0x02B1	0x3002      	MOVLW      2
0x02B2	0x00B2      	MOVWF      50
0x02B3	0x2198      	CALL       408
0x02B4	0x0008      	RETURN
;LedBlink.c,0 :: ?ICS_MID_REDE
0x0299	0x34E8 ;?ICS_MID_REDE+0
0x029A	0x3402 ;?ICS_MID_REDE+1
; end of ?ICS_MID_REDE
;LedBlink.c,0 :: ?ICS_CRT_VBAT
0x029B	0x3483 ;?ICS_CRT_VBAT+0
0x029C	0x3401 ;?ICS_CRT_VBAT+1
; end of ?ICS_CRT_VBAT
;LedBlink.c,0 :: ?ICS_MIN_VBAT
0x029D	0x3458 ;?ICS_MIN_VBAT+0
0x029E	0x3401 ;?ICS_MIN_VBAT+1
; end of ?ICS_MIN_VBAT
;LedBlink.c,0 :: ?ICS_MIN_REDE
0x029F	0x3414 ;?ICS_MIN_REDE+0
0x02A0	0x3402 ;?ICS_MIN_REDE+1
; end of ?ICS_MIN_REDE
;LedBlink.c,0 :: ?ICS_RECHARG
0x02A1	0x3400 ;?ICS_RECHARG+0
0x02A2	0x3400 ;?ICS_RECHARG+1
; end of ?ICS_RECHARG
;LedBlink.c,0 :: ?ICS_MAX_VBAT
0x02A3	0x3434 ;?ICS_MAX_VBAT+0
0x02A4	0x3403 ;?ICS_MAX_VBAT+1
; end of ?ICS_MAX_VBAT
;__Lib_ADC_A_B.c,0 :: ?ICS_vref_mask
0x02A5	0x3440 ;?ICS_vref_mask+0
; end of ?ICS_vref_mask
;LedBlink.c,0 :: ?ICS_CONT
0x02A6	0x3400 ;?ICS_CONT+0
0x02A7	0x3400 ;?ICS_CONT+1
; end of ?ICS_CONT
;LedBlink.c,0 :: ?ICS_ACTIVE
0x02A8	0x3400 ;?ICS_ACTIVE+0
0x02A9	0x3400 ;?ICS_ACTIVE+1
; end of ?ICS_ACTIVE
Symbol List:
//** Routines locations **
//ADDRESS    SIZE    PROCEDURE
//----------------------------------------------
0x0003       [6]    _Delay_22us
0x0009      [37]    _ADC_Read
0x002E       [6]    _____DoICP
0x0034      [26]    _EEPROM_Write
0x004E      [62]    _blink_rele
0x008C       [9]    _EEPROM_Read
0x0095      [68]    _update_levels
0x00D9     [191]    _setup_prog
0x0198      [12]    ___CC2DW
0x01A4     [239]    _main
//** Variables locations ** 
//ADDRESS    SIZE    VARIABLE
//----------------------------------------------
0x0000       [1]    INDF
0x0002       [1]    PCL
0x0003       [1]    STATUS
0x0004       [1]    FSR
0x0005       [1]    PORTA
0x0007       [1]    PORTC
0x000A       [1]    PCLATH
0x000B       [1]    INTCON
0x0019       [1]    CMCON
0x001E       [1]    ADRESH
0x001F       [1]    ADCON0
0x0020       [2]    _MID_REDE
0x0022       [2]    _CRT_VBAT
0x0024       [2]    _MIN_VBAT
0x0026       [2]    _MIN_REDE
0x0028       [2]    _RECHARG
0x002A       [2]    _MAX_VBAT
0x002C       [1]    _vref_mask
0x002D       [2]    _CONT
0x002F       [2]    _ACTIVE
0x0031       [2]    ___DoICPAddr
0x0033       [2]    _REDE
0x0035       [2]    _VBAT
0x0037       [1]    FARG_EEPROM_Write_Address
0x0037       [1]    FARG_EEPROM_Read_Address
0x0037       [1]    FARG_ADC_Read_channel
0x0038       [1]    FARG_EEPROM_Write_data_
0x0050       [1]    R0
0x0051       [1]    R1
0x0052       [1]    R2
0x0053       [1]    R3
0x0054       [1]    R4
0x0055       [1]    R5
0x0056       [1]    R6
0x0057       [1]    R7
0x0058       [1]    R8
0x0059       [1]    R9
0x005A       [1]    R10
0x005B       [1]    R11
0x005C       [1]    R12
0x005D       [1]    R13
0x005E       [1]    R14
0x005F       [1]    R15
0x0081       [1]    OPTION_REG
0x0085       [1]    TRISA
0x0087       [1]    TRISC
0x0091       [1]    ANSEL
0x009A       [1]    EEDATA
0x009B       [1]    EEADR
0x009C       [1]    EECON1
0x009D       [1]    EECON2
0x009E       [1]    ADRESL
0x009F       [1]    ADCON1
//** Constants locations ** 
//ADDRESS    SIZE    CONSTANT
//----------------------------------------------
0x0299       [2]    ?ICS_MID_REDE
0x029B       [2]    ?ICS_CRT_VBAT
0x029D       [2]    ?ICS_MIN_VBAT
0x029F       [2]    ?ICS_MIN_REDE
0x02A1       [2]    ?ICS_RECHARG
0x02A3       [2]    ?ICS_MAX_VBAT
0x02A5       [1]    ?ICS_vref_mask
0x02A6       [2]    ?ICS_CONT
0x02A8       [2]    ?ICS_ACTIVE
